# JRE version: OpenJDK Runtime Environment Temurin-21.0.9+10 (21.0.9+10) (build 21.0.9+10-LTS)
# Java VM: OpenJDK 64-Bit Server VM Temurin-21.0.9+10 (21.0.9+10-LTS, mixed mode, sharing, tiered, compressed oops, compressed class ptrs, g1 gc, windows-amd64)
GC Precious Log:
 CardTable entry size: 512
 Card Set container configuration: InlinePtr #cards 4 size 8 Array Of Cards #cards 32 size 80 Howl #buckets 8 coarsen threshold 7372 Howl Bitmap #cards 1024 size 144 coarsen threshold 921 Card regions per heap region 1 cards per card region 8192
 CPUs: 16 total, 16 available
 Memory: 32506M
 Large Page Support: Disabled
 NUMA Support: Disabled
 Compressed Oops: Enabled (Zero based)
 Heap Region Size: 4M
 Heap Min Capacity: 8M
 Heap Initial Capacity: 508M
 Heap Max Capacity: 8128M
 Pre-touch: Disabled
 Parallel Workers: 13
 Concurrent Workers: 3
 Concurrent Refinement Workers: 13
 Periodic GC: Disabled
Heap:
 garbage-first heap   total 299008K, used 81638K [0x0000000604000000, 0x0000000800000000)
  region size 4096K, 16 young (65536K), 2 survivors (8192K)
 Metaspace       used 79231K, committed 80000K, reserved 1179648K
  class space    used 10023K, committed 10368K, reserved 1048576K
GC Heap History (20 events):
Event: 2.240 GC heap before
{Heap before GC invocations=2 (full 0):
 garbage-first heap   total 520192K, used 65654K [0x0000000604000000, 0x0000000800000000)
  region size 4096K, 16 young (65536K), 1 survivors (4096K)
 Metaspace       used 21251K, committed 21504K, reserved 1114112K
  class space    used 2602K, committed 2752K, reserved 1048576K
}
Event: 2.246 GC heap after
{Heap after GC invocations=3 (full 0):
 garbage-first heap   total 520192K, used 13847K [0x0000000604000000, 0x0000000800000000)
  region size 4096K, 2 young (8192K), 2 survivors (8192K)
 Metaspace       used 21251K, committed 21504K, reserved 1114112K
  class space    used 2602K, committed 2752K, reserved 1048576K
}
Event: 3.547 GC heap before
{Heap before GC invocations=4 (full 0):
 garbage-first heap   total 57344K, used 54807K [0x0000000604000000, 0x0000000800000000)
  region size 4096K, 12 young (49152K), 2 survivors (8192K)
 Metaspace       used 28327K, committed 28800K, reserved 1114112K
  class space    used 3605K, committed 3840K, reserved 1048576K
}
Event: 3.554 GC heap after
{Heap after GC invocations=5 (full 0):
 garbage-first heap   total 69632K, used 17629K [0x0000000604000000, 0x0000000800000000)
  region size 4096K, 3 young (12288K), 3 survivors (12288K)
 Metaspace       used 28327K, committed 28800K, reserved 1114112K
  class space    used 3605K, committed 3840K, reserved 1048576K
}
Event: 4.189 GC heap before
{Heap before GC invocations=5 (full 0):
 garbage-first heap   total 69632K, used 46301K [0x0000000604000000, 0x0000000800000000)
  region size 4096K, 10 young (40960K), 3 survivors (12288K)
 Metaspace       used 32269K, committed 32832K, reserved 1114112K
  class space    used 4038K, committed 4288K, reserved 1048576K
}
Event: 4.197 GC heap after
{Heap after GC invocations=6 (full 0):
 garbage-first heap   total 69632K, used 19647K [0x0000000604000000, 0x0000000800000000)
  region size 4096K, 2 young (8192K), 2 survivors (8192K)
 Metaspace       used 32269K, committed 32832K, reserved 1114112K
  class space    used 4038K, committed 4288K, reserved 1048576K
}
Event: 4.620 GC heap before
{Heap before GC invocations=6 (full 0):
 garbage-first heap   total 69632K, used 36031K [0x0000000604000000, 0x0000000800000000)
  region size 4096K, 7 young (28672K), 2 survivors (8192K)
 Metaspace       used 35404K, committed 35968K, reserved 1114112K
  class space    used 4471K, committed 4736K, reserved 1048576K
}
Event: 4.623 GC heap after
{Heap after GC invocations=7 (full 0):
 garbage-first heap   total 69632K, used 20537K [0x0000000604000000, 0x0000000800000000)
  region size 4096K, 1 young (4096K), 1 survivors (4096K)
 Metaspace       used 35404K, committed 35968K, reserved 1114112K
  class space    used 4471K, committed 4736K, reserved 1048576K
}
Event: 5.400 GC heap before
{Heap before GC invocations=8 (full 0):
 garbage-first heap   total 69632K, used 49209K [0x0000000604000000, 0x0000000800000000)
  region size 4096K, 9 young (36864K), 1 survivors (4096K)
 Metaspace       used 47246K, committed 47872K, reserved 1114112K
  class space    used 6074K, committed 6336K, reserved 1048576K
}
Event: 5.404 GC heap after
{Heap after GC invocations=9 (full 0):
 garbage-first heap   total 69632K, used 23113K [0x0000000604000000, 0x0000000800000000)
  region size 4096K, 2 young (8192K), 2 survivors (8192K)
 Metaspace       used 47246K, committed 47872K, reserved 1114112K
  class space    used 6074K, committed 6336K, reserved 1048576K
}
Event: 5.896 GC heap before
{Heap before GC invocations=9 (full 0):
 garbage-first heap   total 69632K, used 47689K [0x0000000604000000, 0x0000000800000000)
  region size 4096K, 9 young (36864K), 2 survivors (8192K)
 Metaspace       used 55720K, committed 56384K, reserved 1114112K
  class space    used 7248K, committed 7552K, reserved 1048576K
}
Event: 5.900 GC heap after
{Heap after GC invocations=10 (full 0):
 garbage-first heap   total 69632K, used 24837K [0x0000000604000000, 0x0000000800000000)
  region size 4096K, 2 young (8192K), 2 survivors (8192K)
 Metaspace       used 55720K, committed 56384K, reserved 1114112K
  class space    used 7248K, committed 7552K, reserved 1048576K
}
Event: 6.187 GC heap before
{Heap before GC invocations=10 (full 0):
 garbage-first heap   total 69632K, used 37125K [0x0000000604000000, 0x0000000800000000)
  region size 4096K, 7 young (28672K), 2 survivors (8192K)
 Metaspace       used 59560K, committed 60160K, reserved 1114112K
  class space    used 7872K, committed 8128K, reserved 1048576K
}
Event: 6.190 GC heap after
{Heap after GC invocations=11 (full 0):
 garbage-first heap   total 69632K, used 25715K [0x0000000604000000, 0x0000000800000000)
  region size 4096K, 1 young (4096K), 1 survivors (4096K)
 Metaspace       used 59560K, committed 60160K, reserved 1114112K
  class space    used 7872K, committed 8128K, reserved 1048576K
}
Event: 6.788 GC heap before
{Heap before GC invocations=12 (full 0):
 garbage-first heap   total 69632K, used 58483K [0x0000000604000000, 0x0000000800000000)
  region size 4096K, 9 young (36864K), 1 survivors (4096K)
 Metaspace       used 64841K, committed 65536K, reserved 1114112K
  class space    used 8645K, committed 8960K, reserved 1048576K
}
Event: 6.792 GC heap after
{Heap after GC invocations=13 (full 0):
 garbage-first heap   total 69632K, used 27884K [0x0000000604000000, 0x0000000800000000)
  region size 4096K, 2 young (8192K), 2 survivors (8192K)
 Metaspace       used 64841K, committed 65536K, reserved 1114112K
  class space    used 8645K, committed 8960K, reserved 1048576K
}
Event: 7.283 GC heap before
{Heap before GC invocations=13 (full 0):
 garbage-first heap   total 69632K, used 56556K [0x0000000604000000, 0x0000000800000000)
  region size 4096K, 9 young (36864K), 2 survivors (8192K)
 Metaspace       used 67378K, committed 68032K, reserved 1114112K
  class space    used 8978K, committed 9280K, reserved 1048576K
}
Event: 7.288 GC heap after
{Heap after GC invocations=14 (full 0):
 garbage-first heap   total 73728K, used 29361K [0x0000000604000000, 0x0000000800000000)
  region size 4096K, 2 young (8192K), 2 survivors (8192K)
 Metaspace       used 67378K, committed 68032K, reserved 1114112K
  class space    used 8978K, committed 9280K, reserved 1048576K
}
Event: 12.121 GC heap before
{Heap before GC invocations=14 (full 0):
 garbage-first heap   total 73728K, used 62129K [0x0000000604000000, 0x0000000800000000)
  region size 4096K, 10 young (40960K), 2 survivors (8192K)
 Metaspace       used 71512K, committed 72256K, reserved 1114112K
  class space    used 9462K, committed 9792K, reserved 1048576K
}
Event: 12.126 GC heap after
{Heap after GC invocations=15 (full 0):
 garbage-first heap   total 299008K, used 32486K [0x0000000604000000, 0x0000000800000000)
  region size 4096K, 2 young (8192K), 2 survivors (8192K)
 Metaspace       used 71512K, committed 72256K, reserved 1114112K
  class space    used 9462K, committed 9792K, reserved 1048576K
}

